-------------------------------------------------------------------------------
Test set: ac.za.cput.controller.visitor.InternationalVisitorControllerTest
-------------------------------------------------------------------------------
Tests run: 1, Failures: 0, Errors: 1, Skipped: 0, Time elapsed: 0.003 s <<< FAILURE! - in ac.za.cput.controller.visitor.InternationalVisitorControllerTest
initializationError(ac.za.cput.controller.visitor.InternationalVisitorControllerTest)  Time elapsed: 0.001 s  <<< ERROR!
java.lang.NoClassDefFoundError: Could not initialize class org.springframework.test.context.junit4.SpringRunner

