-------------------------------------------------------------------------------
Test set: ac.za.cput.service.gameReserve.Imp.ProtectedAreaServiceImpTest
-------------------------------------------------------------------------------
Tests run: 1, Failures: 0, Errors: 1, Skipped: 0, Time elapsed: 0.007 s <<< FAILURE! - in ac.za.cput.service.gameReserve.Imp.ProtectedAreaServiceImpTest
initializationError(ac.za.cput.service.gameReserve.Imp.ProtectedAreaServiceImpTest)  Time elapsed: 0 s  <<< ERROR!
java.lang.NoClassDefFoundError: Could not initialize class org.springframework.test.context.junit4.SpringRunner

