-------------------------------------------------------------------------------
Test set: ac.za.cput.service.visitor.Imp.LocalVisitorServiceImpTest
-------------------------------------------------------------------------------
Tests run: 1, Failures: 0, Errors: 1, Skipped: 0, Time elapsed: 0.026 s <<< FAILURE! - in ac.za.cput.service.visitor.Imp.LocalVisitorServiceImpTest
initializationError(ac.za.cput.service.visitor.Imp.LocalVisitorServiceImpTest)  Time elapsed: 0 s  <<< ERROR!
java.lang.NoClassDefFoundError: Could not initialize class org.springframework.test.context.junit4.SpringRunner

