-------------------------------------------------------------------------------
Test set: ac.za.cput.service.employee.Imp.WildlifeRangerServiceImpTest
-------------------------------------------------------------------------------
Tests run: 1, Failures: 0, Errors: 1, Skipped: 0, Time elapsed: 0.028 s <<< FAILURE! - in ac.za.cput.service.employee.Imp.WildlifeRangerServiceImpTest
initializationError(ac.za.cput.service.employee.Imp.WildlifeRangerServiceImpTest)  Time elapsed: 0 s  <<< ERROR!
java.lang.NoClassDefFoundError: Could not initialize class org.springframework.test.context.junit4.SpringRunner

