-------------------------------------------------------------------------------
Test set: ac.za.cput.controller.gameReserve.ProtectedAreaControllerTest
-------------------------------------------------------------------------------
Tests run: 1, Failures: 0, Errors: 1, Skipped: 0, Time elapsed: 0.014 s <<< FAILURE! - in ac.za.cput.controller.gameReserve.ProtectedAreaControllerTest
initializationError(ac.za.cput.controller.gameReserve.ProtectedAreaControllerTest)  Time elapsed: 0.001 s  <<< ERROR!
java.lang.NoClassDefFoundError: Could not initialize class org.springframework.test.context.junit4.SpringRunner

