-------------------------------------------------------------------------------
Test set: ac.za.cput.service.gameReserve.Imp.EquipmentServiceImpTest
-------------------------------------------------------------------------------
Tests run: 1, Failures: 0, Errors: 1, Skipped: 0, Time elapsed: 0.003 s <<< FAILURE! - in ac.za.cput.service.gameReserve.Imp.EquipmentServiceImpTest
initializationError(ac.za.cput.service.gameReserve.Imp.EquipmentServiceImpTest)  Time elapsed: 0 s  <<< ERROR!
java.lang.NoClassDefFoundError: Could not initialize class org.springframework.test.context.junit4.SpringRunner

