-------------------------------------------------------------------------------
Test set: ac.za.cput.controller.employee.FieldGuideControllerTest
-------------------------------------------------------------------------------
Tests run: 1, Failures: 0, Errors: 1, Skipped: 0, Time elapsed: 0 s <<< FAILURE! - in ac.za.cput.controller.employee.FieldGuideControllerTest
initializationError(ac.za.cput.controller.employee.FieldGuideControllerTest)  Time elapsed: 0 s  <<< ERROR!
java.lang.NoClassDefFoundError: Could not initialize class org.springframework.test.context.junit4.SpringRunner

